2024-06-17 17:09:33 [background-preinit] INFO  o.h.validator.internal.util.Version - HV000001: Hibernate Validator 8.0.1.Final
2024-06-17 17:09:33 [main] INFO  o.e.gruppsex.GruppSexApplication - Starting GruppSexApplication using Java 22.0.1 with PID 16772 (C:\Users\maksim.pouzakov\Desktop\GruppSex\target\classes started by maksim.pouzakov in C:\Users\maksim.pouzakov\Desktop\GruppSex)
2024-06-17 17:09:33 [main] INFO  o.e.gruppsex.GruppSexApplication - No active profile set, falling back to 1 default profile: "default"
2024-06-17 17:09:34 [main] INFO  o.s.d.r.c.RepositoryConfigurationDelegate - Bootstrapping Spring Data JPA repositories in DEFAULT mode.
2024-06-17 17:09:34 [main] INFO  o.s.d.r.c.RepositoryConfigurationDelegate - Finished Spring Data repository scanning in 71 ms. Found 1 JPA repository interface.
2024-06-17 17:09:35 [main] INFO  o.s.b.w.e.tomcat.TomcatWebServer - Tomcat initialized with port 8080 (http)
2024-06-17 17:09:35 [main] INFO  o.a.coyote.http11.Http11NioProtocol - Initializing ProtocolHandler ["http-nio-8080"]
2024-06-17 17:09:35 [main] INFO  o.a.catalina.core.StandardService - Starting service [Tomcat]
2024-06-17 17:09:35 [main] INFO  o.a.catalina.core.StandardEngine - Starting Servlet engine: [Apache Tomcat/10.1.24]
2024-06-17 17:09:35 [main] INFO  o.a.c.c.C.[Tomcat].[localhost].[/] - Initializing Spring embedded WebApplicationContext
2024-06-17 17:09:35 [main] INFO  o.s.b.w.s.c.ServletWebServerApplicationContext - Root WebApplicationContext: initialization completed in 1981 ms
2024-06-17 17:09:35 [main] INFO  com.zaxxer.hikari.HikariDataSource - HikariPool-1 - Starting...
2024-06-17 17:09:35 [main] INFO  com.zaxxer.hikari.pool.HikariPool - HikariPool-1 - Added connection conn0: url=jdbc:h2:mem:test user=SA
2024-06-17 17:09:35 [main] INFO  com.zaxxer.hikari.HikariDataSource - HikariPool-1 - Start completed.
2024-06-17 17:09:35 [main] INFO  o.s.b.a.h.H2ConsoleAutoConfiguration - H2 console available at '/h2-console'. Database available at 'jdbc:h2:mem:test'
2024-06-17 17:09:35 [main] INFO  o.h.jpa.internal.util.LogHelper - HHH000204: Processing PersistenceUnitInfo [name: default]
2024-06-17 17:09:35 [main] INFO  org.hibernate.Version - HHH000412: Hibernate ORM core version 6.5.2.Final
2024-06-17 17:09:36 [main] INFO  o.h.c.i.RegionFactoryInitiator - HHH000026: Second-level cache disabled
2024-06-17 17:09:36 [main] INFO  o.s.o.j.p.SpringPersistenceUnitInfo - No LoadTimeWeaver setup: ignoring JPA class transformer
2024-06-17 17:09:36 [main] WARN  org.hibernate.orm.deprecation - HHH90000025: H2Dialect does not need to be specified explicitly using 'hibernate.dialect' (remove the property setting and it will be selected by default)
2024-06-17 17:09:37 [main] INFO  o.h.e.t.j.p.i.JtaPlatformInitiator - HHH000489: No JTA platform available (set 'hibernate.transaction.jta.platform' to enable JTA platform integration)
2024-06-17 17:09:37 [main] INFO  o.s.o.j.LocalContainerEntityManagerFactoryBean - Initialized JPA EntityManagerFactory for persistence unit 'default'
2024-06-17 17:09:38 [main] WARN  o.s.b.a.o.j.JpaBaseConfiguration$JpaWebConfiguration - spring.jpa.open-in-view is enabled by default. Therefore, database queries may be performed during view rendering. Explicitly configure spring.jpa.open-in-view to disable this warning
2024-06-17 17:09:38 [main] INFO  o.s.s.c.a.a.c.InitializeAuthenticationProviderBeanManagerConfigurer$InitializeAuthenticationProviderManagerConfigurer - Global AuthenticationManager configured with AuthenticationProvider bean with name authenticationProvider
2024-06-17 17:09:38 [main] WARN  o.s.s.c.a.a.c.InitializeUserDetailsBeanManagerConfigurer$InitializeUserDetailsManagerConfigurer - Global AuthenticationManager configured with an AuthenticationProvider bean. UserDetailsService beans will not be used for username/password login. Consider removing the AuthenticationProvider bean. Alternatively, consider using the UserDetailsService in a manually instantiated DaoAuthenticationProvider.
2024-06-17 17:09:38 [main] INFO  o.s.s.web.DefaultSecurityFilterChain - Will secure any request with [org.springframework.security.web.session.DisableEncodeUrlFilter@6f53f5a4, org.springframework.security.web.context.request.async.WebAsyncManagerIntegrationFilter@21ebf9be, org.springframework.security.web.context.SecurityContextHolderFilter@6ad4ef13, org.springframework.security.web.header.HeaderWriterFilter@7236213e, org.springframework.web.filter.CorsFilter@7d50b4c4, org.springframework.security.web.csrf.CsrfFilter@4e22dadb, org.springframework.security.web.authentication.logout.LogoutFilter@35d4fecf, org.springframework.security.web.authentication.UsernamePasswordAuthenticationFilter@5f5076f9, org.springframework.security.web.savedrequest.RequestCacheAwareFilter@7c7a4986, org.springframework.security.web.servletapi.SecurityContextHolderAwareRequestFilter@7fb2645b, org.springframework.security.web.authentication.AnonymousAuthenticationFilter@7860a014, org.springframework.security.web.access.ExceptionTranslationFilter@69c335c4, org.springframework.security.web.access.intercept.AuthorizationFilter@1c0a4f87]
2024-06-17 17:09:38 [main] WARN  o.s.s.c.a.web.builders.WebSecurity - You are asking Spring Security to ignore DispatcherServletDelegating [ant = Ant [pattern='/h2-console/**'], mvc = Mvc [pattern='/h2-console/**']]. This is not recommended -- please use permitAll via HttpSecurity#authorizeHttpRequests instead.
2024-06-17 17:09:38 [main] INFO  o.s.s.web.DefaultSecurityFilterChain - Will not secure DispatcherServletDelegating [ant = Ant [pattern='/h2-console/**'], mvc = Mvc [pattern='/h2-console/**']]
2024-06-17 17:09:38 [main] WARN  o.s.s.c.a.web.builders.WebSecurity - You are asking Spring Security to ignore DispatcherServletDelegating [ant = Ant [pattern='/update/**'], mvc = Mvc [pattern='/update/**']]. This is not recommended -- please use permitAll via HttpSecurity#authorizeHttpRequests instead.
2024-06-17 17:09:38 [main] INFO  o.s.s.web.DefaultSecurityFilterChain - Will not secure DispatcherServletDelegating [ant = Ant [pattern='/update/**'], mvc = Mvc [pattern='/update/**']]
2024-06-17 17:09:38 [main] WARN  o.s.s.c.a.web.builders.WebSecurity - You are asking Spring Security to ignore DispatcherServletDelegating [ant = Ant [pattern='/update/**'], mvc = Mvc [pattern='/update/**']]. This is not recommended -- please use permitAll via HttpSecurity#authorizeHttpRequests instead.
2024-06-17 17:09:38 [main] INFO  o.s.s.web.DefaultSecurityFilterChain - Will not secure DispatcherServletDelegating [ant = Ant [pattern='/update/**'], mvc = Mvc [pattern='/update/**']]
2024-06-17 17:09:38 [main] INFO  o.a.coyote.http11.Http11NioProtocol - Starting ProtocolHandler ["http-nio-8080"]
2024-06-17 17:09:38 [main] INFO  o.s.b.w.e.tomcat.TomcatWebServer - Tomcat started on port 8080 (http) with context path '/'
2024-06-17 17:09:38 [main] INFO  o.e.gruppsex.GruppSexApplication - Started GruppSexApplication in 6.279 seconds (process running for 7.213)
2024-06-17 17:09:44 [http-nio-8080-exec-1] INFO  o.a.c.c.C.[Tomcat].[localhost].[/] - Initializing Spring DispatcherServlet 'dispatcherServlet'
2024-06-17 17:09:44 [http-nio-8080-exec-1] INFO  o.s.web.servlet.DispatcherServlet - Initializing Servlet 'dispatcherServlet'
2024-06-17 17:09:44 [http-nio-8080-exec-1] INFO  o.s.web.servlet.DispatcherServlet - Completed initialization in 1 ms
2024-06-17 17:12:25 [SpringApplicationShutdownHook] INFO  o.s.o.j.LocalContainerEntityManagerFactoryBean - Closing JPA EntityManagerFactory for persistence unit 'default'
2024-06-17 17:12:25 [SpringApplicationShutdownHook] INFO  com.zaxxer.hikari.HikariDataSource - HikariPool-1 - Shutdown initiated...
2024-06-17 17:12:25 [SpringApplicationShutdownHook] INFO  com.zaxxer.hikari.HikariDataSource - HikariPool-1 - Shutdown completed.
2024-06-17 17:12:28 [background-preinit] INFO  o.h.validator.internal.util.Version - HV000001: Hibernate Validator 8.0.1.Final
2024-06-17 17:12:28 [main] INFO  o.e.gruppsex.GruppSexApplication - Starting GruppSexApplication using Java 22.0.1 with PID 11424 (C:\Users\maksim.pouzakov\Desktop\GruppSex\target\classes started by maksim.pouzakov in C:\Users\maksim.pouzakov\Desktop\GruppSex)
2024-06-17 17:12:28 [main] INFO  o.e.gruppsex.GruppSexApplication - No active profile set, falling back to 1 default profile: "default"
2024-06-17 17:12:29 [main] INFO  o.s.d.r.c.RepositoryConfigurationDelegate - Bootstrapping Spring Data JPA repositories in DEFAULT mode.
2024-06-17 17:12:29 [main] INFO  o.s.d.r.c.RepositoryConfigurationDelegate - Finished Spring Data repository scanning in 76 ms. Found 1 JPA repository interface.
2024-06-17 17:12:30 [main] INFO  o.s.b.w.e.tomcat.TomcatWebServer - Tomcat initialized with port 8080 (http)
2024-06-17 17:12:30 [main] INFO  o.a.coyote.http11.Http11NioProtocol - Initializing ProtocolHandler ["http-nio-8080"]
2024-06-17 17:12:30 [main] INFO  o.a.catalina.core.StandardService - Starting service [Tomcat]
2024-06-17 17:12:30 [main] INFO  o.a.catalina.core.StandardEngine - Starting Servlet engine: [Apache Tomcat/10.1.24]
2024-06-17 17:12:30 [main] INFO  o.a.c.c.C.[Tomcat].[localhost].[/] - Initializing Spring embedded WebApplicationContext
2024-06-17 17:12:30 [main] INFO  o.s.b.w.s.c.ServletWebServerApplicationContext - Root WebApplicationContext: initialization completed in 1876 ms
2024-06-17 17:12:30 [main] INFO  com.zaxxer.hikari.HikariDataSource - HikariPool-1 - Starting...
2024-06-17 17:12:30 [main] INFO  com.zaxxer.hikari.pool.HikariPool - HikariPool-1 - Added connection conn0: url=jdbc:h2:mem:test user=SA
2024-06-17 17:12:30 [main] INFO  com.zaxxer.hikari.HikariDataSource - HikariPool-1 - Start completed.
2024-06-17 17:12:30 [main] INFO  o.s.b.a.h.H2ConsoleAutoConfiguration - H2 console available at '/h2-console'. Database available at 'jdbc:h2:mem:test'
2024-06-17 17:12:30 [main] INFO  o.h.jpa.internal.util.LogHelper - HHH000204: Processing PersistenceUnitInfo [name: default]
2024-06-17 17:12:30 [main] INFO  org.hibernate.Version - HHH000412: Hibernate ORM core version 6.5.2.Final
2024-06-17 17:12:30 [main] INFO  o.h.c.i.RegionFactoryInitiator - HHH000026: Second-level cache disabled
2024-06-17 17:12:31 [main] INFO  o.s.o.j.p.SpringPersistenceUnitInfo - No LoadTimeWeaver setup: ignoring JPA class transformer
2024-06-17 17:12:31 [main] WARN  org.hibernate.orm.deprecation - HHH90000025: H2Dialect does not need to be specified explicitly using 'hibernate.dialect' (remove the property setting and it will be selected by default)
2024-06-17 17:12:32 [main] INFO  o.h.e.t.j.p.i.JtaPlatformInitiator - HHH000489: No JTA platform available (set 'hibernate.transaction.jta.platform' to enable JTA platform integration)
2024-06-17 17:12:32 [main] INFO  o.s.o.j.LocalContainerEntityManagerFactoryBean - Initialized JPA EntityManagerFactory for persistence unit 'default'
2024-06-17 17:12:33 [main] WARN  o.s.b.a.o.j.JpaBaseConfiguration$JpaWebConfiguration - spring.jpa.open-in-view is enabled by default. Therefore, database queries may be performed during view rendering. Explicitly configure spring.jpa.open-in-view to disable this warning
2024-06-17 17:12:33 [main] INFO  o.s.s.c.a.a.c.InitializeAuthenticationProviderBeanManagerConfigurer$InitializeAuthenticationProviderManagerConfigurer - Global AuthenticationManager configured with AuthenticationProvider bean with name authenticationProvider
2024-06-17 17:12:33 [main] WARN  o.s.s.c.a.a.c.InitializeUserDetailsBeanManagerConfigurer$InitializeUserDetailsManagerConfigurer - Global AuthenticationManager configured with an AuthenticationProvider bean. UserDetailsService beans will not be used for username/password login. Consider removing the AuthenticationProvider bean. Alternatively, consider using the UserDetailsService in a manually instantiated DaoAuthenticationProvider.
2024-06-17 17:12:33 [main] INFO  o.s.s.web.DefaultSecurityFilterChain - Will secure any request with [org.springframework.security.web.session.DisableEncodeUrlFilter@33de9d85, org.springframework.security.web.context.request.async.WebAsyncManagerIntegrationFilter@2f6352a3, org.springframework.security.web.context.SecurityContextHolderFilter@52518ee1, org.springframework.security.web.header.HeaderWriterFilter@1299fed3, org.springframework.web.filter.CorsFilter@24455d50, org.springframework.security.web.csrf.CsrfFilter@7a91027c, org.springframework.security.web.authentication.logout.LogoutFilter@6768dc74, org.springframework.security.web.authentication.UsernamePasswordAuthenticationFilter@c10f7a8, org.springframework.security.web.savedrequest.RequestCacheAwareFilter@1a4564a2, org.springframework.security.web.servletapi.SecurityContextHolderAwareRequestFilter@4b8ac512, org.springframework.security.web.authentication.AnonymousAuthenticationFilter@bb160fb, org.springframework.security.web.access.ExceptionTranslationFilter@2d91147b, org.springframework.security.web.access.intercept.AuthorizationFilter@1e205025]
2024-06-17 17:12:33 [main] WARN  o.s.s.c.a.web.builders.WebSecurity - You are asking Spring Security to ignore DispatcherServletDelegating [ant = Ant [pattern='/h2-console/**'], mvc = Mvc [pattern='/h2-console/**']]. This is not recommended -- please use permitAll via HttpSecurity#authorizeHttpRequests instead.
2024-06-17 17:12:33 [main] INFO  o.s.s.web.DefaultSecurityFilterChain - Will not secure DispatcherServletDelegating [ant = Ant [pattern='/h2-console/**'], mvc = Mvc [pattern='/h2-console/**']]
2024-06-17 17:12:33 [main] WARN  o.s.s.c.a.web.builders.WebSecurity - You are asking Spring Security to ignore DispatcherServletDelegating [ant = Ant [pattern='/update/**'], mvc = Mvc [pattern='/update/**']]. This is not recommended -- please use permitAll via HttpSecurity#authorizeHttpRequests instead.
2024-06-17 17:12:33 [main] INFO  o.s.s.web.DefaultSecurityFilterChain - Will not secure DispatcherServletDelegating [ant = Ant [pattern='/update/**'], mvc = Mvc [pattern='/update/**']]
2024-06-17 17:12:33 [main] WARN  o.s.s.c.a.web.builders.WebSecurity - You are asking Spring Security to ignore DispatcherServletDelegating [ant = Ant [pattern='/update/**'], mvc = Mvc [pattern='/update/**']]. This is not recommended -- please use permitAll via HttpSecurity#authorizeHttpRequests instead.
2024-06-17 17:12:33 [main] INFO  o.s.s.web.DefaultSecurityFilterChain - Will not secure DispatcherServletDelegating [ant = Ant [pattern='/update/**'], mvc = Mvc [pattern='/update/**']]
2024-06-17 17:12:33 [main] INFO  o.a.coyote.http11.Http11NioProtocol - Starting ProtocolHandler ["http-nio-8080"]
2024-06-17 17:12:33 [main] INFO  o.s.b.w.e.tomcat.TomcatWebServer - Tomcat started on port 8080 (http) with context path '/'
2024-06-17 17:12:33 [main] INFO  o.e.gruppsex.GruppSexApplication - Started GruppSexApplication in 6.159 seconds (process running for 6.996)
2024-06-17 17:13:36 [http-nio-8080-exec-1] INFO  o.a.c.c.C.[Tomcat].[localhost].[/] - Initializing Spring DispatcherServlet 'dispatcherServlet'
2024-06-17 17:13:36 [http-nio-8080-exec-1] INFO  o.s.web.servlet.DispatcherServlet - Initializing Servlet 'dispatcherServlet'
2024-06-17 17:13:36 [http-nio-8080-exec-1] INFO  o.s.web.servlet.DispatcherServlet - Completed initialization in 1 ms
2024-06-17 17:17:28 [SpringApplicationShutdownHook] INFO  o.s.o.j.LocalContainerEntityManagerFactoryBean - Closing JPA EntityManagerFactory for persistence unit 'default'
2024-06-17 17:17:28 [SpringApplicationShutdownHook] INFO  com.zaxxer.hikari.HikariDataSource - HikariPool-1 - Shutdown initiated...
2024-06-17 17:17:28 [SpringApplicationShutdownHook] INFO  com.zaxxer.hikari.HikariDataSource - HikariPool-1 - Shutdown completed.
2024-06-17 17:17:33 [background-preinit] INFO  o.h.validator.internal.util.Version - HV000001: Hibernate Validator 8.0.1.Final
2024-06-17 17:17:33 [main] INFO  o.e.gruppsex.GruppSexApplication - Starting GruppSexApplication using Java 22.0.1 with PID 19604 (C:\Users\maksim.pouzakov\Desktop\GruppSex\target\classes started by maksim.pouzakov in C:\Users\maksim.pouzakov\Desktop\GruppSex)
2024-06-17 17:17:33 [main] INFO  o.e.gruppsex.GruppSexApplication - No active profile set, falling back to 1 default profile: "default"
2024-06-17 17:17:34 [main] INFO  o.s.d.r.c.RepositoryConfigurationDelegate - Bootstrapping Spring Data JPA repositories in DEFAULT mode.
2024-06-17 17:17:34 [main] INFO  o.s.d.r.c.RepositoryConfigurationDelegate - Finished Spring Data repository scanning in 71 ms. Found 1 JPA repository interface.
2024-06-17 17:17:35 [main] INFO  o.s.b.w.e.tomcat.TomcatWebServer - Tomcat initialized with port 8080 (http)
2024-06-17 17:17:35 [main] INFO  o.a.coyote.http11.Http11NioProtocol - Initializing ProtocolHandler ["http-nio-8080"]
2024-06-17 17:17:35 [main] INFO  o.a.catalina.core.StandardService - Starting service [Tomcat]
2024-06-17 17:17:35 [main] INFO  o.a.catalina.core.StandardEngine - Starting Servlet engine: [Apache Tomcat/10.1.24]
2024-06-17 17:17:35 [main] INFO  o.a.c.c.C.[Tomcat].[localhost].[/] - Initializing Spring embedded WebApplicationContext
2024-06-17 17:17:35 [main] INFO  o.s.b.w.s.c.ServletWebServerApplicationContext - Root WebApplicationContext: initialization completed in 1942 ms
2024-06-17 17:17:35 [main] INFO  com.zaxxer.hikari.HikariDataSource - HikariPool-1 - Starting...
2024-06-17 17:17:35 [main] INFO  com.zaxxer.hikari.pool.HikariPool - HikariPool-1 - Added connection conn0: url=jdbc:h2:mem:test user=SA
2024-06-17 17:17:35 [main] INFO  com.zaxxer.hikari.HikariDataSource - HikariPool-1 - Start completed.
2024-06-17 17:17:35 [main] INFO  o.s.b.a.h.H2ConsoleAutoConfiguration - H2 console available at '/h2-console'. Database available at 'jdbc:h2:mem:test'
2024-06-17 17:17:36 [main] INFO  o.h.jpa.internal.util.LogHelper - HHH000204: Processing PersistenceUnitInfo [name: default]
2024-06-17 17:17:36 [main] INFO  org.hibernate.Version - HHH000412: Hibernate ORM core version 6.5.2.Final
2024-06-17 17:17:36 [main] INFO  o.h.c.i.RegionFactoryInitiator - HHH000026: Second-level cache disabled
2024-06-17 17:17:36 [main] INFO  o.s.o.j.p.SpringPersistenceUnitInfo - No LoadTimeWeaver setup: ignoring JPA class transformer
2024-06-17 17:17:36 [main] WARN  org.hibernate.orm.deprecation - HHH90000025: H2Dialect does not need to be specified explicitly using 'hibernate.dialect' (remove the property setting and it will be selected by default)
2024-06-17 17:17:37 [main] INFO  o.h.e.t.j.p.i.JtaPlatformInitiator - HHH000489: No JTA platform available (set 'hibernate.transaction.jta.platform' to enable JTA platform integration)
2024-06-17 17:17:37 [main] INFO  o.s.o.j.LocalContainerEntityManagerFactoryBean - Initialized JPA EntityManagerFactory for persistence unit 'default'
2024-06-17 17:17:38 [main] WARN  o.s.b.a.o.j.JpaBaseConfiguration$JpaWebConfiguration - spring.jpa.open-in-view is enabled by default. Therefore, database queries may be performed during view rendering. Explicitly configure spring.jpa.open-in-view to disable this warning
2024-06-17 17:17:38 [main] INFO  o.s.s.c.a.a.c.InitializeAuthenticationProviderBeanManagerConfigurer$InitializeAuthenticationProviderManagerConfigurer - Global AuthenticationManager configured with AuthenticationProvider bean with name authenticationProvider
2024-06-17 17:17:38 [main] WARN  o.s.s.c.a.a.c.InitializeUserDetailsBeanManagerConfigurer$InitializeUserDetailsManagerConfigurer - Global AuthenticationManager configured with an AuthenticationProvider bean. UserDetailsService beans will not be used for username/password login. Consider removing the AuthenticationProvider bean. Alternatively, consider using the UserDetailsService in a manually instantiated DaoAuthenticationProvider.
2024-06-17 17:17:38 [main] INFO  o.s.s.web.DefaultSecurityFilterChain - Will secure any request with [org.springframework.security.web.session.DisableEncodeUrlFilter@7d50b4c4, org.springframework.security.web.context.request.async.WebAsyncManagerIntegrationFilter@7860a014, org.springframework.security.web.context.SecurityContextHolderFilter@7c7a4986, org.springframework.security.web.header.HeaderWriterFilter@4b20a8e4, org.springframework.web.filter.CorsFilter@86e8469, org.springframework.security.web.csrf.CsrfFilter@1a916120, org.springframework.security.web.authentication.logout.LogoutFilter@1f591b2e, org.springframework.security.web.authentication.UsernamePasswordAuthenticationFilter@6f53f5a4, org.springframework.security.web.savedrequest.RequestCacheAwareFilter@7fb2645b, org.springframework.security.web.servletapi.SecurityContextHolderAwareRequestFilter@380e470a, org.springframework.security.web.authentication.AnonymousAuthenticationFilter@76b6bad3, org.springframework.security.web.access.ExceptionTranslationFilter@7236213e, org.springframework.security.web.access.intercept.AuthorizationFilter@19439ec4]
2024-06-17 17:17:38 [main] WARN  o.s.s.c.a.web.builders.WebSecurity - You are asking Spring Security to ignore DispatcherServletDelegating [ant = Ant [pattern='/h2-console/**'], mvc = Mvc [pattern='/h2-console/**']]. This is not recommended -- please use permitAll via HttpSecurity#authorizeHttpRequests instead.
2024-06-17 17:17:38 [main] INFO  o.s.s.web.DefaultSecurityFilterChain - Will not secure DispatcherServletDelegating [ant = Ant [pattern='/h2-console/**'], mvc = Mvc [pattern='/h2-console/**']]
2024-06-17 17:17:38 [main] WARN  o.s.s.c.a.web.builders.WebSecurity - You are asking Spring Security to ignore DispatcherServletDelegating [ant = Ant [pattern='/update/**'], mvc = Mvc [pattern='/update/**']]. This is not recommended -- please use permitAll via HttpSecurity#authorizeHttpRequests instead.
2024-06-17 17:17:38 [main] INFO  o.s.s.web.DefaultSecurityFilterChain - Will not secure DispatcherServletDelegating [ant = Ant [pattern='/update/**'], mvc = Mvc [pattern='/update/**']]
2024-06-17 17:17:38 [main] WARN  o.s.s.c.a.web.builders.WebSecurity - You are asking Spring Security to ignore DispatcherServletDelegating [ant = Ant [pattern='/update/**'], mvc = Mvc [pattern='/update/**']]. This is not recommended -- please use permitAll via HttpSecurity#authorizeHttpRequests instead.
2024-06-17 17:17:38 [main] INFO  o.s.s.web.DefaultSecurityFilterChain - Will not secure DispatcherServletDelegating [ant = Ant [pattern='/update/**'], mvc = Mvc [pattern='/update/**']]
2024-06-17 17:17:39 [main] INFO  o.a.coyote.http11.Http11NioProtocol - Starting ProtocolHandler ["http-nio-8080"]
2024-06-17 17:17:39 [main] INFO  o.s.b.w.e.tomcat.TomcatWebServer - Tomcat started on port 8080 (http) with context path '/'
2024-06-17 17:17:39 [main] INFO  o.e.gruppsex.GruppSexApplication - Started GruppSexApplication in 6.191 seconds (process running for 7.025)
2024-06-17 17:17:40 [http-nio-8080-exec-1] INFO  o.a.c.c.C.[Tomcat].[localhost].[/] - Initializing Spring DispatcherServlet 'dispatcherServlet'
2024-06-17 17:17:40 [http-nio-8080-exec-1] INFO  o.s.web.servlet.DispatcherServlet - Initializing Servlet 'dispatcherServlet'
2024-06-17 17:17:40 [http-nio-8080-exec-1] INFO  o.s.web.servlet.DispatcherServlet - Completed initialization in 2 ms
2024-06-17 17:22:58 [SpringApplicationShutdownHook] INFO  o.s.o.j.LocalContainerEntityManagerFactoryBean - Closing JPA EntityManagerFactory for persistence unit 'default'
2024-06-17 17:22:58 [SpringApplicationShutdownHook] INFO  com.zaxxer.hikari.HikariDataSource - HikariPool-1 - Shutdown initiated...
2024-06-17 17:22:58 [SpringApplicationShutdownHook] INFO  com.zaxxer.hikari.HikariDataSource - HikariPool-1 - Shutdown completed.
