2024-06-18 11:31:56 [http-nio-8080-exec-4] DEBUG o.e.gruppsex.web.ThymeleafController - Användarnamn och lösenord ska anges.
2024-06-18 11:32:04 [http-nio-8080-exec-6] DEBUG o.e.gruppsex.web.ThymeleafController - Inloggning har försökts.
2024-06-18 11:32:04 [http-nio-8080-exec-6] DEBUG o.e.gruppsex.web.ThymeleafController - Principal är en User.
2024-06-18 11:32:04 [http-nio-8080-exec-6] DEBUG o.e.gruppsex.web.ThymeleafController - Inloggning för användare a***n@admin.comlyckats.
2024-06-18 11:32:11 [http-nio-8080-exec-8] DEBUG o.e.gruppsex.web.ThymeleafController - Registrerings-sida.
2024-06-18 11:32:23 [http-nio-8080-exec-10] DEBUG o.e.gruppsex.web.ThymeleafController - Registrerad användares information.
2024-06-18 11:32:23 [http-nio-8080-exec-10] DEBUG o.e.gruppsex.web.ThymeleafController - Fel information angiven baserad på DTOobjektets krav.
2024-06-18 11:32:34 [http-nio-8080-exec-1] DEBUG o.e.gruppsex.web.ThymeleafController - Registrerad användares information.
2024-06-18 11:32:34 [http-nio-8080-exec-1] DEBUG o.e.gruppsex.web.ThymeleafController - Fel information angiven baserad på DTOobjektets krav.
2024-06-18 11:32:40 [http-nio-8080-exec-4] DEBUG o.e.gruppsex.web.ThymeleafController - Registrerad användares information.
2024-06-18 11:32:40 [http-nio-8080-exec-4] DEBUG o.e.gruppsex.web.ThymeleafController - Fel information angiven baserad på DTOobjektets krav.
2024-06-18 11:32:51 [http-nio-8080-exec-5] DEBUG o.e.gruppsex.web.ThymeleafController - Registrerad användares information.
2024-06-18 11:32:51 [http-nio-8080-exec-5] DEBUG o.e.gruppsex.web.ThymeleafController - Fel information angiven baserad på DTOobjektets krav.
2024-06-18 11:32:59 [http-nio-8080-exec-6] DEBUG o.e.gruppsex.web.ThymeleafController - Inloggning har försökts.
2024-06-18 11:32:59 [http-nio-8080-exec-6] DEBUG o.e.gruppsex.web.ThymeleafController - Principal är en User.
2024-06-18 11:32:59 [http-nio-8080-exec-6] DEBUG o.e.gruppsex.web.ThymeleafController - Inloggning för användare a***n@admin.comlyckats.
2024-06-18 11:33:00 [http-nio-8080-exec-7] DEBUG o.e.gruppsex.web.ThymeleafController - Registrerade användare.
2024-06-18 12:02:47 [http-nio-8080-exec-9] DEBUG o.e.gruppsex.web.ThymeleafController - Registrerings-sida.
2024-06-18 13:05:11 [http-nio-8080-exec-1] DEBUG o.e.gruppsex.web.ThymeleafController - Användarnamn och lösenord ska anges.
2024-06-18 13:05:18 [http-nio-8080-exec-4] DEBUG o.e.gruppsex.web.ThymeleafController - Inloggning har försökts.
2024-06-18 13:05:18 [http-nio-8080-exec-4] DEBUG o.e.gruppsex.web.ThymeleafController - Principal är en User.
2024-06-18 13:05:18 [http-nio-8080-exec-4] DEBUG o.e.gruppsex.web.ThymeleafController - Inloggning för användare a***n@admin.comlyckats.
2024-06-18 13:05:20 [http-nio-8080-exec-5] DEBUG o.e.gruppsex.web.ThymeleafController - Registrerade användare.
2024-06-18 16:34:50 [main] DEBUG o.e.gruppsex.web.ThymeleafController - Registrerad användares information.
2024-06-18 16:34:50 [main] DEBUG o.e.gruppsex.web.ThymeleafController - Fel information angiven baserad på DTOobjektets krav.
2024-06-18 16:34:50 [main] DEBUG o.e.gruppsex.web.ThymeleafController - Logiken för att ta bort en användare.
2024-06-18 16:34:50 [main] WARN  o.e.gruppsex.web.ThymeleafController - ADMIN kan ej bli borttagen.
2024-06-18 16:34:51 [main] DEBUG o.e.gruppsex.web.ThymeleafController - Registrerad användares information.
2024-06-18 16:34:51 [main] DEBUG o.e.gruppsex.web.ThymeleafController - Korrekt information baserad på DTOobjektets krav och lagt till användare t**t@user.com.
2024-06-18 16:34:51 [main] DEBUG o.e.gruppsex.web.ThymeleafController - Inloggning har försökts.
2024-06-18 16:34:51 [main] DEBUG o.e.gruppsex.web.ThymeleafController - Principal är en User.
2024-06-18 16:34:51 [main] WARN  o.e.gruppsex.web.ThymeleafController - Username och/eller Password finns ej.
2024-06-18 16:34:51 [main] DEBUG o.e.gruppsex.web.ThymeleafController - Logiken för att ta bort en användare.
2024-06-18 16:34:51 [main] DEBUG o.e.gruppsex.web.ThymeleafController - Användare har ej role ADMIN.
